[19:27:40] [main/INFO]: Extra: []
[19:27:41] [main/INFO]: Running with arguments: [--userProperties, {}, --accessToken, {REDACTED}, --assetIndex, 1.8, --assetsDir, C:/Users/nathan/.gradle/caches/minecraft/assets, --version, 1.8, --tweakClass, net.minecraftforge.fml.common.launcher.FMLTweaker, --tweakClass, net.minecraftforge.gradle.GradleStartCommon$GradleStartTweaker]
[19:27:41] [main/INFO]: Loading tweak class name net.minecraftforge.fml.common.launcher.FMLTweaker
[19:27:41] [main/INFO]: Using primary tweak class name net.minecraftforge.fml.common.launcher.FMLTweaker
[19:27:41] [main/INFO]: Loading tweak class name net.minecraftforge.gradle.GradleStartCommon$GradleStartTweaker
[19:27:41] [main/INFO]: Calling tweak class net.minecraftforge.fml.common.launcher.FMLTweaker
[19:27:41] [main/INFO]: Forge Mod Loader version 8.0.20.1290 for Minecraft 1.8 loading
[19:27:41] [main/INFO]: Java is Java HotSpot(TM) 64-Bit Server VM, version 1.7.0_72, running on Windows 7:amd64:6.1, installed at C:\Program Files\Java\jre7
[19:27:41] [main/INFO]: Managed to load a deobfuscated Minecraft name- we are in a deobfuscated environment. Skipping runtime deobfuscation
[19:27:41] [main/INFO]: Calling tweak class net.minecraftforge.gradle.GradleStartCommon$GradleStartTweaker
[19:27:41] [main/INFO]: Injecting location in coremod net.minecraftforge.fml.relauncher.FMLCorePlugin
[19:27:41] [main/INFO]: Injecting location in coremod net.minecraftforge.classloading.FMLForgePlugin
[19:27:41] [main/INFO]: Loading tweak class name net.minecraftforge.fml.common.launcher.FMLInjectionAndSortingTweaker
[19:27:41] [main/INFO]: Loading tweak class name net.minecraftforge.fml.common.launcher.FMLDeobfTweaker
[19:27:41] [main/INFO]: Calling tweak class net.minecraftforge.fml.common.launcher.FMLInjectionAndSortingTweaker
[19:27:41] [main/INFO]: Calling tweak class net.minecraftforge.fml.common.launcher.FMLInjectionAndSortingTweaker
[19:27:41] [main/INFO]: Calling tweak class net.minecraftforge.fml.relauncher.CoreModManager$FMLPluginWrapper
[19:27:42] [main/ERROR]: The binary patch set is missing. Either you are in a development environment, or things are not going to work!
[19:27:51] [main/ERROR]: FML appears to be missing any signature data. This is not a good thing
[19:27:51] [main/INFO]: Calling tweak class net.minecraftforge.fml.relauncher.CoreModManager$FMLPluginWrapper
[19:27:51] [main/INFO]: Calling tweak class net.minecraftforge.fml.common.launcher.FMLDeobfTweaker
[19:27:53] [main/INFO]: Loading tweak class name net.minecraftforge.fml.common.launcher.TerminalTweaker
[19:27:53] [main/INFO]: Calling tweak class net.minecraftforge.fml.common.launcher.TerminalTweaker
[19:27:53] [main/INFO]: Launching wrapped minecraft {net.minecraft.client.main.Main}
[19:27:59] [Client thread/INFO]: Setting user: Player646
[19:28:11] [Client thread/INFO]: LWJGL Version: 2.9.1
[19:28:14] [Client thread/INFO]: Attempting early MinecraftForge initialization
[19:28:14] [Client thread/INFO]: MinecraftForge v11.14.0.1290 Initialized
[19:28:14] [Client thread/INFO]: Replaced 204 ore recipies
[19:28:14] [Client thread/INFO]: Completed early MinecraftForge initialization
[19:28:15] [Client thread/INFO]: Searching C:\Users\nathan\Documents\GitHub\Java\Minecraft\Mods\Custom\1.8\Elemental-Dogs--1.8-\eclipse\mods for mods
